<?xml version="1.0" encoding="UTF-8"?>
<!-- Generated by org.testng.reporters.JUnitXMLReporter -->
<testsuite hostname="WINDOWS-4CP03MR" ignored="0" name="Test" tests="10" failures="1" timestamp="2022-11-13T13:02:14 EST" time="0.139" errors="0">
  <testcase name="f" time="0.006" classname="tests.Testing1"/>
  <testcase name="f" time="0.002" classname="tests.Testing1"/>
  <testcase name="test1" time="0.006" classname="tests.Testing1"/>
  <testcase name="test2" time="0.005" classname="tests.Testing1"/>
  <testcase name="test3" time="0.002" classname="tests.Testing1"/>
  <testcase name="test4" time="0.003" classname="tests.Testing2"/>
  <testcase name="test5" time="0.008" classname="tests.Testing2"/>
  <testcase name="createUser" time="0.008" classname="tests.Testing3">
    <failure type="java.lang.AssertionError" message="Verifying Element did not expect to find [true] but found [false]">
      <![CDATA[java.lang.AssertionError: Verifying Element did not expect to find [true] but found [false]
at tests.Testing3.createUser(Testing3.java:14)
at java.util.ArrayList.forEach(ArrayList.java:1257)
... Removed 30 stack frames]]>
    </failure>
  </testcase> <!-- createUser -->
  <testcase name="editUser" time="0.0" classname="tests.Testing3">
    <skipped/>
  </testcase> <!-- editUser -->
  <testcase name="deleteUser" time="0.0" classname="tests.Testing3">
    <skipped/>
  </testcase> <!-- deleteUser -->
</testsuite> <!-- Test -->
